2025-02-14 20:07:08,763 CRIT Supervisor is running as root.  Privileges were not dropped because no user is specified in the config file.  If you intend to run as root, you can set user=root in the config file to avoid this message.
2025-02-14 20:07:08,767 INFO supervisord started with pid 1
2025-02-14 20:07:09,770 INFO spawned: 'frankenphp' with pid 7
2025-02-14 20:07:09,772 INFO spawned: 'octane' with pid 8
2025-02-14 20:07:09,774 INFO spawned: 'queue' with pid 9
2025-02-14 20:07:09,776 INFO spawned: 'scheduler' with pid 10
2025-02-14 20:07:09,814 WARN exited: frankenphp (exit status 1; not expected)
2025-02-14 20:07:10,493 WARN exited: octane (exit status 1; not expected)
2025-02-14 20:07:11,496 INFO spawned: 'frankenphp' with pid 33
2025-02-14 20:07:11,498 INFO spawned: 'octane' with pid 34
2025-02-14 20:07:11,498 INFO success: queue entered RUNNING state, process has stayed up for > than 1 seconds (startsecs)
2025-02-14 20:07:11,498 INFO success: scheduler entered RUNNING state, process has stayed up for > than 1 seconds (startsecs)
2025-02-14 20:07:11,535 WARN exited: frankenphp (exit status 1; not expected)
2025-02-14 20:07:11,787 WARN exited: octane (exit status 1; not expected)
2025-02-14 20:07:13,792 INFO spawned: 'frankenphp' with pid 51
2025-02-14 20:07:13,794 INFO spawned: 'octane' with pid 52
2025-02-14 20:07:13,829 WARN exited: frankenphp (exit status 1; not expected)
2025-02-14 20:07:14,053 WARN exited: octane (exit status 1; not expected)
2025-02-14 20:07:17,060 INFO spawned: 'frankenphp' with pid 69
2025-02-14 20:07:17,062 INFO spawned: 'octane' with pid 70
2025-02-14 20:07:17,105 WARN exited: frankenphp (exit status 1; not expected)
2025-02-14 20:07:17,343 INFO gave up: frankenphp entered FATAL state, too many start retries too quickly
2025-02-14 20:07:17,352 WARN exited: octane (exit status 1; not expected)
2025-02-14 20:07:18,354 INFO gave up: octane entered FATAL state, too many start retries too quickly
2025-02-14 20:09:26,390 WARN received SIGTERM indicating exit request
2025-02-14 20:09:26,391 INFO waiting for queue, scheduler to die
2025-02-14 20:09:27,395 WARN stopped: scheduler (terminated by SIGTERM)
2025-02-14 20:09:27,404 INFO stopped: queue (exit status 0)
2025-02-14 20:21:20,522 CRIT Supervisor is running as root.  Privileges were not dropped because no user is specified in the config file.  If you intend to run as root, you can set user=root in the config file to avoid this message.
2025-02-14 20:21:20,525 INFO supervisord started with pid 1
2025-02-14 20:21:21,528 INFO spawned: 'frankenphp' with pid 7
2025-02-14 20:21:21,531 INFO spawned: 'octane' with pid 8
2025-02-14 20:21:21,533 INFO spawned: 'queue' with pid 9
2025-02-14 20:21:21,535 INFO spawned: 'scheduler' with pid 10
2025-02-14 20:21:21,728 WARN exited: frankenphp (exit status 1; not expected)
2025-02-14 20:21:21,953 WARN exited: octane (exit status 1; not expected)
2025-02-14 20:21:22,956 INFO spawned: 'frankenphp' with pid 33
2025-02-14 20:21:22,959 INFO spawned: 'octane' with pid 34
2025-02-14 20:21:22,959 INFO success: queue entered RUNNING state, process has stayed up for > than 1 seconds (startsecs)
2025-02-14 20:21:22,959 INFO success: scheduler entered RUNNING state, process has stayed up for > than 1 seconds (startsecs)
2025-02-14 20:21:22,992 WARN exited: frankenphp (exit status 1; not expected)
2025-02-14 20:21:23,206 WARN exited: octane (exit status 1; not expected)
2025-02-14 20:21:25,213 INFO spawned: 'frankenphp' with pid 52
2025-02-14 20:21:25,215 INFO spawned: 'octane' with pid 53
2025-02-14 20:21:25,251 WARN exited: frankenphp (exit status 1; not expected)
2025-02-14 20:21:25,474 WARN exited: octane (exit status 1; not expected)
2025-02-14 20:21:28,481 INFO spawned: 'frankenphp' with pid 68
2025-02-14 20:21:28,483 INFO spawned: 'octane' with pid 69
2025-02-14 20:21:28,518 WARN exited: frankenphp (exit status 1; not expected)
2025-02-14 20:21:28,726 INFO gave up: frankenphp entered FATAL state, too many start retries too quickly
2025-02-14 20:21:28,733 WARN exited: octane (exit status 1; not expected)
2025-02-14 20:21:29,735 INFO gave up: octane entered FATAL state, too many start retries too quickly
2025-02-14 20:23:57,516 INFO reaped unknown pid 127 (terminated by SIGKILL)
2025-02-14 20:23:57,517 INFO reaped unknown pid 126 (terminated by SIGKILL)
2025-02-14 20:25:41,472 WARN received SIGTERM indicating exit request
2025-02-14 20:25:41,472 INFO waiting for queue, scheduler to die
2025-02-14 20:25:42,477 WARN stopped: scheduler (terminated by SIGTERM)
2025-02-14 20:25:42,484 INFO stopped: queue (exit status 0)
